WificonnectorSample/build/outputs/logs/manifest-merger-debug-report.txt
-- Merging decision tree log ---
manifest
ADDED from ZNTSpeaker\WificonnectorSample\AndroidManifest.xml:8:1-18:12
INJECTED from ZNTSpeaker\WificonnectorSample\AndroidManifest.xml:8:1-18:12
INJECTED from ZNTSpeaker\WificonnectorSample\AndroidManifest.xml:8:1-18:12
	package
		ADDED from ZNTSpeaker\WificonnectorSample\AndroidManifest.xml:9:11-53
		INJECTED from ZNTSpeaker\WificonnectorSample\AndroidManifest.xml
		INJECTED from ZNTSpeaker\WificonnectorSample\AndroidManifest.xml
	xmlns:android
		ADDED from ZNTSpeaker\WificonnectorSample\AndroidManifest.xml:8:11-69
uses-permission#android.permission.ACCESS_WIFI_STATE
ADDED from ZNTSpeaker\WificonnectorSample\AndroidManifest.xml:11:5-75
	android:name
		ADDED from ZNTSpeaker\WificonnectorSample\AndroidManifest.xml:11:22-73
uses-permission#android.permission.ACCESS_NETWORK_STATE
ADDED from ZNTSpeaker\WificonnectorSample\AndroidManifest.xml:12:5-78
	android:name
		ADDED from ZNTSpeaker\WificonnectorSample\AndroidManifest.xml:12:22-76
uses-permission#android.permission.ACCESS_COARSE_LOCATION
ADDED from ZNTSpeaker\WificonnectorSample\AndroidManifest.xml:13:5-80
	android:name
		ADDED from ZNTSpeaker\WificonnectorSample\AndroidManifest.xml:13:22-78
uses-permission#android.permission.ACCESS_FINE_LOCATION
ADDED from ZNTSpeaker\WificonnectorSample\AndroidManifest.xml:14:5-78
	android:name
		ADDED from ZNTSpeaker\WificonnectorSample\AndroidManifest.xml:14:22-76
uses-permission#android.permission.CHANGE_WIFI_STATE
ADDED from ZNTSpeaker\WificonnectorSample\AndroidManifest.xml:15:5-75
	android:name
		ADDED from ZNTSpeaker\WificonnectorSample\AndroidManifest.xml:15:22-73